<?xml version="1.0" encoding="UTF-8"?>
<!-- Generated by org.testng.reporters.JUnitReportReporter -->
<testsuite skipped="0" hostname="Administrators-MacBook-Pro.local" name="com.console.automation.AppiumTestNGFramework.Currency" tests="6" failures="0" timestamp="2022-02-10T17:29:42 GST" time="32.014" errors="0">
  <testcase name="Test3" time="23.618" classname="com.console.automation.AppiumTestNGFramework.Currency"/>
  <system-out/>
  <testcase name="Test4" time="1.340" classname="com.console.automation.AppiumTestNGFramework.Currency"/>
  <system-out/>
  <testcase name="Test5" time="0.002" classname="com.console.automation.AppiumTestNGFramework.Currency"/>
  <system-out/>
  <testcase name="Test2" time="1.924" classname="com.console.automation.AppiumTestNGFramework.Currency"/>
  <system-out/>
  <testcase name="Test6" time="0.002" classname="com.console.automation.AppiumTestNGFramework.Currency"/>
  <system-out/>
  <testcase name="Test1" time="5.128" classname="com.console.automation.AppiumTestNGFramework.Currency"/>
  <system-out/>
</testsuite> <!-- com.console.automation.AppiumTestNGFramework.Currency -->
