<?xml version="1.0" encoding="UTF-8"?>
<!-- Generated by org.testng.reporters.JUnitReportReporter -->
<testsuite skipped="0" hostname="Administrators-MacBook-Pro.local" name="com.console.automation.AppiumTestNGFramework.Category" tests="6" failures="0" timestamp="2022-02-10T21:20:57 GST" time="51.080" errors="0">
  <testcase name="Test4" time="32.766" classname="com.console.automation.AppiumTestNGFramework.Category"/>
  <system-out/>
  <testcase name="Test5" time="3.001" classname="com.console.automation.AppiumTestNGFramework.Category"/>
  <system-out/>
  <testcase name="Test3" time="7.716" classname="com.console.automation.AppiumTestNGFramework.Category"/>
  <system-out/>
  <testcase name="Test6" time="0.000" classname="com.console.automation.AppiumTestNGFramework.Category"/>
  <system-out/>
  <testcase name="Test2" time="2.069" classname="com.console.automation.AppiumTestNGFramework.Category"/>
  <system-out/>
  <testcase name="Test1" time="5.528" classname="com.console.automation.AppiumTestNGFramework.Category"/>
  <system-out/>
</testsuite> <!-- com.console.automation.AppiumTestNGFramework.Category -->
